2022-08-31 20:25:20,481 [Worker-5: Loading available Gradle versions] INFO  o.e.b.c.i.u.g.PublishedGradleVersions - Gradle version information cache is out-of-date. Trying to update.
2022-09-12 21:14:00,615 [Worker-6: Loading available Gradle versions] INFO  o.e.b.c.i.u.g.PublishedGradleVersions - Gradle version information cache is out-of-date. Trying to update.
2022-09-19 20:17:57,992 [Worker-4: Loading available Gradle versions] INFO  o.e.b.c.i.u.g.PublishedGradleVersions - Gradle version information cache is out-of-date. Trying to update.
2022-09-28 21:00:35,692 [Worker-0: Loading available Gradle versions] INFO  o.e.b.c.i.u.g.PublishedGradleVersions - Gradle version information cache is out-of-date. Trying to update.
2022-10-17 20:29:59,376 [Worker-4: Loading available Gradle versions] INFO  o.e.b.c.i.u.g.PublishedGradleVersions - Gradle version information cache is out-of-date. Trying to update.
2022-10-22 17:00:45,901 [Worker-0: Loading available Gradle versions] INFO  o.e.b.c.i.u.g.PublishedGradleVersions - Gradle version information cache is out-of-date. Trying to update.
2022-10-24 21:14:05,451 [Worker-3: Loading available Gradle versions] INFO  o.e.b.c.i.u.g.PublishedGradleVersions - Gradle version information cache is out-of-date. Trying to update.
2022-11-06 18:31:20,550 [Worker-2: Loading available Gradle versions] INFO  o.e.b.c.i.u.g.PublishedGradleVersions - Gradle version information cache is out-of-date. Trying to update.
2022-11-06 18:40:24,113 [Worker-1: Loading available Gradle versions] INFO  o.e.b.c.i.u.g.PublishedGradleVersions - Gradle version information cache is up-to-date. Trying to read.
2022-11-06 18:45:04,846 [Start Help Server] INFO  org.eclipse.jetty.util.log - Logging initialized @305690ms to org.eclipse.jetty.util.log.Slf4jLog
2022-11-06 18:45:05,076 [Start Help Server] INFO  org.eclipse.jetty.server.Server - jetty-9.4.35.v20201120; built: 2020-11-27T20:36:51.615Z; git: bdc54f03a5e0a7e280fab27f55c3c75ee8da89fb; jvm 18.0.1+10
2022-11-06 18:45:05,136 [Start Help Server] INFO  org.eclipse.jetty.server.session - DefaultSessionIdManager workerName=node0
2022-11-06 18:45:05,137 [Start Help Server] INFO  org.eclipse.jetty.server.session - No SessionScavenger set, using defaults
2022-11-06 18:45:05,139 [Start Help Server] INFO  org.eclipse.jetty.server.session - node0 Scavenging every 660000ms
2022-11-06 18:45:05,193 [Start Help Server] INFO  o.e.j.server.handler.ContextHandler - Started o.e.j.s.ServletContextHandler@33fa061a{/help,null,AVAILABLE}
2022-11-06 18:45:05,262 [Start Help Server] INFO  o.e.jetty.server.AbstractConnector - Started ServerConnector@59bc7001{HTTP/1.1, (http/1.1)}{127.0.0.1:50420}
2022-11-06 18:45:05,263 [Start Help Server] INFO  org.eclipse.jetty.server.Server - Started @306111ms
2022-11-06 18:45:05,263 [Start Help Server] INFO  org.eclipse.jetty.server.session - node0 Scavenging every 660000ms
2022-11-06 18:45:27,695 [Stop Help Server] INFO  o.e.jetty.server.AbstractConnector - Stopped ServerConnector@59bc7001{HTTP/1.1, (http/1.1)}{127.0.0.1:0}
2022-11-06 18:45:27,697 [Stop Help Server] INFO  org.eclipse.jetty.server.session - node0 Stopped scavenging
2022-11-06 18:45:27,719 [Stop Help Server] INFO  o.e.j.server.handler.ContextHandler - Stopped o.e.j.s.ServletContextHandler@33fa061a{/help,null,STOPPED}
2022-11-06 18:46:05,137 [Worker-0: Loading available Gradle versions] INFO  o.e.b.c.i.u.g.PublishedGradleVersions - Gradle version information cache is up-to-date. Trying to read.
2022-11-06 18:51:58,165 [Worker-1: Loading available Gradle versions] INFO  o.e.b.c.i.u.g.PublishedGradleVersions - Gradle version information cache is up-to-date. Trying to read.
